Start testing: Jul 07 23:23 MSK
----------------------------------------------------------
1/1 Testing: polish_test
1/1 Test: polish_test
Command: "/Users/andreyzhelannikov/Ihopethatislast/build/tests/test_exe"
Directory: /Users/andreyzhelannikov/Ihopethatislast/build/Testing
"polish_test" start time: Jul 07 23:23 MSK
Output:
----------------------------------------------------------
CURRENT TEST: 1
Running suite(s): polish
88%: Checks: 17, Failures: 2, Errors: 0
/Users/andreyzhelannikov/Ihopethatislast/tests/polish_test.c:151:F:polish:valid_test_2:0: Assertion 'code == INVALID_LYXEMS' failed: code == 0, INVALID_LYXEMS == 3
/Users/andreyzhelannikov/Ihopethatislast/tests/polish_test.c:159:F:polish:valid_test_3:0: Assertion 'code == INVALID_LYXEMS' failed: code == 0, INVALID_LYXEMS == 3
2
<end of output>
Test time =   0.33 sec
----------------------------------------------------------
Test Passed.
"polish_test" end time: Jul 07 23:23 MSK
"polish_test" time elapsed: 00:00:00
----------------------------------------------------------

End testing: Jul 07 23:23 MSK
