TN:
SF:/Users/andreyzhelannikov/Ihopethatislast/calculator/validate.c
FN:3,validate_lyxems
FNDA:0,validate_lyxems
FN:25,validate_brackets
FNDA:68,validate_brackets
FN:35,validate_binary
FNDA:68,validate_binary
FN:48,validate_numbers_and_functions
FNDA:68,validate_numbers_and_functions
DA:3,0
DA:4,0
DA:8,0
DA:9,0
DA:10,0
DA:11,0
DA:12,0
DA:13,0
DA:14,0
DA:16,0
DA:17,0
DA:18,0
DA:19,0
DA:21,0
DA:23,0
DA:25,68
DA:26,68
DA:27,1380
DA:28,1312
DA:29,1312
DA:30,1312
DA:31,1312
DA:32,68
DA:33,68
DA:35,68
DA:36,68
DA:37,1248
DA:38,1180
DA:39,1180
DA:40,1180
DA:41,200
DA:42,0
DA:43,200
DA:44,1180
DA:45,68
DA:46,68
DA:48,68
DA:49,1312
DA:50,1244
DA:51,1244
DA:52,1244
DA:53,1244
DA:54,68
DA:55,68
FNF:4
FNH:3
LF:44
LH:28
end_of_record
TN:
SF:/Users/andreyzhelannikov/Ihopethatislast/calculator/calc.c
FN:3,dijkstra_algorithm
FNDA:64,dijkstra_algorithm
FN:36,calculate_value
FNDA:64,calculate_value
FN:53,apply_function
FNDA:280,apply_function
FN:69,do_operation
FNDA:200,do_operation
FN:80,is_operator
FNDA:2296,is_operator
FN:84,is_function
FNDA:4464,is_function
FN:89,is_unary_binary
FNDA:484,is_unary_binary
FN:91,is_number
FNDA:4448,is_number
DA:3,64
DA:4,64
DA:5,64
DA:6,64
DA:8,1372
DA:9,1308
DA:10,1308
DA:11,264
DA:12,1308
DA:13,560
DA:14,1044
DA:15,312
DA:16,72
DA:17,40
DA:19,200
DA:20,484
DA:21,396
DA:22,116
DA:24,280
DA:25,280
DA:26,280
DA:27,280
DA:28,280
DA:29,1308
DA:30,108
DA:31,44
DA:33,64
DA:36,64
DA:37,64
DA:38,64
DA:39,744
DA:40,680
DA:41,200
DA:42,200
DA:43,680
DA:44,280
DA:45,480
DA:46,200
DA:47,200
DA:48,200
DA:49,680
DA:50,64
DA:53,280
DA:54,280
DA:56,280
DA:57,280
DA:58,280
DA:59,280
DA:60,280
DA:61,280
DA:62,280
DA:63,280
DA:64,280
DA:66,280
DA:69,200
DA:70,200
DA:71,200
DA:72,200
DA:73,200
DA:74,200
DA:75,200
DA:76,200
DA:77,200
DA:80,2296
DA:81,2296
DA:84,4464
DA:85,7520
DA:86,4464
DA:89,484
DA:91,4448
FNF:8
FNH:8
LF:70
LH:70
end_of_record
TN:
SF:/Users/andreyzhelannikov/Ihopethatislast/calculator/smartcalc.c
FN:3,smart_calc
FNDA:68,smart_calc
FN:32,print_lyxems
FNDA:0,print_lyxems
FN:43,print_token
FNDA:0,print_token
FN:70,print_token_raw
FNDA:0,print_token_raw
DA:3,68
DA:4,68
DA:5,68
DA:6,68
DA:7,68
DA:8,68
DA:9,68
DA:10,68
DA:11,68
DA:12,68
DA:13,68
DA:14,68
DA:15,64
DA:17,1372
DA:18,1308
DA:19,4
DA:20,4
DA:21,1308
DA:22,4
DA:23,4
DA:24,4
DA:25,1308
DA:26,64
DA:27,64
DA:28,68
DA:29,68
DA:32,0
DA:33,0
DA:34,0
DA:35,0
DA:36,0
DA:37,0
DA:39,0
DA:40,0
DA:41,0
DA:43,0
DA:44,0
DA:45,0
DA:46,0
DA:47,0
DA:48,0
DA:49,0
DA:50,0
DA:51,0
DA:52,0
DA:53,0
DA:54,0
DA:55,0
DA:56,0
DA:57,0
DA:58,0
DA:59,0
DA:60,0
DA:61,0
DA:62,0
DA:63,0
DA:64,0
DA:65,0
DA:66,0
DA:67,0
DA:68,0
DA:70,0
DA:71,0
DA:72,0
DA:73,0
DA:74,0
DA:75,0
DA:76,0
DA:77,0
DA:78,0
DA:79,0
DA:80,0
DA:81,0
DA:82,0
DA:83,0
DA:84,0
DA:85,0
DA:86,0
DA:87,0
DA:88,0
DA:89,0
DA:90,0
DA:91,0
DA:92,0
DA:93,0
DA:94,0
DA:95,0
FNF:4
FNH:1
LF:87
LH:26
end_of_record
TN:
SF:/Users/andreyzhelannikov/Ihopethatislast/calculator/converting.c
FN:3,input_string_converting
FNDA:68,input_string_converting
FN:21,manage_priorities
FNDA:68,manage_priorities
FN:35,check_unary_functions
FNDA:68,check_unary_functions
FN:51,check_unary_operations
FNDA:68,check_unary_operations
FN:69,shift_left
FNDA:4,shift_left
FN:76,shift_right
FNDA:4,shift_right
FN:83,string_to_lyxem
FNDA:1312,string_to_lyxem
FN:95,shift_by_token_length
FNDA:1312,shift_by_token_length
FN:112,get_operation
FNDA:776,get_operation
FN:126,get_function
FNDA:1060,get_function
DA:3,68
DA:4,68
DA:5,2124
DA:6,2056
DA:7,744
DA:8,744
DA:10,1312
DA:11,1312
DA:12,1312
DA:14,68
DA:15,68
DA:17,68
DA:18,68
DA:21,68
DA:22,1380
DA:23,1312
DA:24,40
DA:25,1312
DA:26,56
DA:27,1272
DA:28,104
DA:29,104
DA:30,1112
DA:32,1312
DA:33,68
DA:35,68
DA:36,1316
DA:37,1248
DA:38,1248
DA:39,240
DA:40,60
DA:41,4
DA:42,4
DA:43,4
DA:44,4
DA:45,4
DA:46,60
DA:47,240
DA:48,1248
DA:49,68
DA:51,68
DA:52,1312
DA:53,1244
DA:54,52
DA:55,4
DA:56,4
DA:57,4
DA:58,0
DA:59,4
DA:60,4
DA:61,4
DA:62,4
DA:63,4
DA:64,4
DA:65,52
DA:66,1244
DA:67,68
DA:69,4
DA:70,12
DA:71,8
DA:72,8
DA:73,4
DA:74,4
DA:76,4
DA:77,28
DA:78,24
DA:79,24
DA:80,4
DA:81,4
DA:83,1312
DA:84,1312
DA:86,1312
DA:87,252
DA:88,252
DA:89,252
DA:90,1312
DA:91,1312
DA:92,1312
DA:93,1312
DA:95,1312
DA:96,1312
DA:97,1452
DA:98,1312
DA:99,776
DA:100,0
DA:102,776
DA:103,1060
DA:104,4
DA:105,284
DA:106,264
DA:107,280
DA:108,16
DA:109,16
DA:110,1312
DA:112,776
DA:113,776
DA:114,776
DA:115,776
DA:116,776
DA:117,776
DA:118,776
DA:119,776
DA:120,776
DA:121,776
DA:122,776
DA:123,776
DA:126,1060
DA:127,1060
DA:128,1060
DA:129,1060
DA:130,1060
DA:131,1060
DA:132,1060
DA:133,1060
DA:134,1060
DA:135,1060
DA:136,1060
DA:137,1060
FNF:10
FNH:10
LF:118
LH:116
end_of_record
TN:
SF:/Users/andreyzhelannikov/Ihopethatislast/tests/polish_test.c
FN:3,simple_test_1_fn
FNDA:4,simple_test_1_fn
FN:12,simple_test_2_fn
FNDA:4,simple_test_2_fn
FN:21,simple_test_3_fn
FNDA:4,simple_test_3_fn
FN:30,simple_test_4_fn
FNDA:4,simple_test_4_fn
FN:39,simple_test_5_fn
FNDA:4,simple_test_5_fn
FN:48,simple_test_6_fn
FNDA:4,simple_test_6_fn
FN:57,simple_test_7_fn
FNDA:4,simple_test_7_fn
FN:66,simple_test_8_fn
FNDA:4,simple_test_8_fn
FN:75,simple_test_9_fn
FNDA:4,simple_test_9_fn
FN:84,simple_test_10_fn
FNDA:4,simple_test_10_fn
FN:93,hard_test_1_fn
FNDA:4,hard_test_1_fn
FN:105,hard_test_2_fn
FNDA:4,hard_test_2_fn
FN:116,hard_test_3_fn
FNDA:4,hard_test_3_fn
FN:127,hard_test_4_fn
FNDA:4,hard_test_4_fn
FN:139,valid_test_1_fn
FNDA:4,valid_test_1_fn
FN:147,valid_test_2_fn
FNDA:4,valid_test_2_fn
FN:155,valid_test_3_fn
FNDA:4,valid_test_3_fn
FN:162,suite_polish
FNDA:4,suite_polish
DA:3,4
DA:4,4
DA:5,4
DA:6,4
DA:7,4
DA:8,4
DA:9,4
DA:12,4
DA:13,4
DA:14,4
DA:15,4
DA:16,4
DA:17,4
DA:18,4
DA:21,4
DA:22,4
DA:23,4
DA:24,4
DA:25,4
DA:26,4
DA:27,4
DA:30,4
DA:31,4
DA:32,4
DA:33,4
DA:34,4
DA:35,4
DA:36,4
DA:39,4
DA:40,4
DA:41,4
DA:42,4
DA:43,4
DA:44,4
DA:45,4
DA:48,4
DA:49,4
DA:50,4
DA:51,4
DA:52,4
DA:53,4
DA:54,4
DA:57,4
DA:58,4
DA:59,4
DA:60,4
DA:61,4
DA:62,4
DA:63,4
DA:66,4
DA:67,4
DA:68,4
DA:69,4
DA:70,4
DA:71,4
DA:72,4
DA:75,4
DA:76,4
DA:77,4
DA:78,4
DA:79,4
DA:80,4
DA:81,4
DA:84,4
DA:85,4
DA:86,4
DA:87,4
DA:88,4
DA:89,4
DA:90,4
DA:93,4
DA:94,4
DA:95,4
DA:99,4
DA:100,4
DA:101,4
DA:102,4
DA:105,4
DA:106,4
DA:107,4
DA:110,4
DA:111,4
DA:112,4
DA:113,4
DA:116,4
DA:117,4
DA:118,4
DA:121,4
DA:122,4
DA:123,4
DA:124,4
DA:127,4
DA:128,4
DA:129,4
DA:133,4
DA:134,4
DA:135,4
DA:136,4
DA:139,4
DA:140,4
DA:141,4
DA:142,4
DA:143,4
DA:144,4
DA:147,4
DA:148,4
DA:149,4
DA:150,4
DA:151,4
DA:152,0
DA:155,4
DA:156,4
DA:157,4
DA:158,4
DA:159,4
DA:160,0
DA:162,4
DA:163,4
DA:164,4
DA:166,4
DA:167,4
DA:168,4
DA:169,4
DA:170,4
DA:171,4
DA:172,4
DA:173,4
DA:174,4
DA:175,4
DA:177,4
DA:178,4
DA:179,4
DA:180,4
DA:182,4
DA:183,4
DA:184,4
DA:186,4
DA:187,4
FNF:18
FNH:18
LF:138
LH:136
end_of_record
TN:
SF:/Users/andreyzhelannikov/Ihopethatislast/tests/calc_test.c
FN:5,main
FNDA:4,main
FN:16,run_testcase
FNDA:4,run_testcase
FN:34,run_tests
FNDA:4,run_tests
DA:5,4
DA:6,4
DA:7,4
DA:9,4
DA:10,4
DA:11,4
DA:13,4
DA:16,4
DA:19,4
DA:21,4
DA:22,4
DA:24,4
DA:26,4
DA:27,4
DA:29,4
DA:31,4
DA:32,4
DA:34,4
DA:35,8
DA:37,4
DA:41,8
DA:42,4
DA:43,4
DA:44,4
FNF:3
FNH:3
LF:24
LH:24
end_of_record
